qemu -hda /tmp/gUf7rycduI.dsk -m 4 -net none -nographic -monitor null
PiLo hda1
Loading.........
Kernel command line: -q run 'tar fs.tar /' append fs.tar
Pintos booting with 4,096 kB RAM...
383 pages available in kernel pool.
383 pages available in user pool.
Calibrating timer...  106,291,200 loops/s.
hda: 7,056 sectors (3 MB), model "QM00001", serial "QEMU HARDDISK"
hda1: 155 sectors (77 kB), Pintos OS kernel (20)
hda2: 4,096 sectors (2 MB), Pintos file system (21)
hda3: 2,048 sectors (1 MB), Pintos scratch (22)
filesys: using hda2
scratch: using hda3
Kernel PANIC at ../../filesys/free-map.c:60 in free_map_open(): can't read free map
Call stack: 0xc0027f91 0xc002c0dc 0xc002bfc1 0xc00207d4.
The `backtrace' program can make call stacks useful.
Read "Backtraces" in the "Debugging Tools" chapter
of the Pintos documentation for more information.
Timer: 58 ticks
Thread: 30 idle ticks, 28 kernel ticks, 0 user ticks
hda2 (filesys): 1 reads, 0 writes
hda3 (scratch): 0 reads, 0 writes
Console: 894 characters output
Keyboard: 0 keys pressed
Exception: 0 page faults
Powering off...
Copying .tar out of /tmp/gUf7rycduI.dsk...
